<?xml version="1.0" encoding="UTF-8"?>
<!-- Generated by org.testng.reporters.JUnitXMLReporter -->
<testsuite hostname="Tyss-pt-011" ignored="0" name="Test" tests="4" failures="0" timestamp="06 Sep 2019 13:34:52 GMT" time="17.063" errors="0">
  <testcase name="@BeforeMethod loadApplication" time="0.075" classname="com.CM.BasePackage.BaseClass">
    <failure type="org.openqa.selenium.NoSuchSessionException" message="invalid session id
Build info: version: &amp;apos;3.141.5&amp;apos;, revision: &amp;apos;d54ebd709a&amp;apos;, time: &amp;apos;2018-11-06T11:42:16&amp;apos;
System info: host: &amp;apos;TYSS-PT-011&amp;apos;, ip: &amp;apos;10.10.14.235&amp;apos;, os.name: &amp;apos;Windows 10&amp;apos;, os.arch: &amp;apos;amd64&amp;apos;, os.version: &amp;apos;10.0&amp;apos;, java.version: &amp;apos;1.8.0_111&amp;apos;
Driver info: org.openqa.selenium.chrome.ChromeDriver
Capabilities {acceptInsecureCerts: false, browserName: chrome, browserVersion: 76.0.3809.132, chrome: {chromedriverVersion: 76.0.3809.126 (d80a294506b4..., userDataDir: C:\Users\Arpith\AppData\Loc...}, goog:chromeOptions: {debuggerAddress: localhost:52952}, javascriptEnabled: true, networkConnectionEnabled: false, pageLoadStrategy: normal, platform: XP, platformName: XP, proxy: Proxy(), setWindowRect: true, strictFileInteractability: false, timeouts: {implicit: 0, pageLoad: 300000, script: 30000}, unhandledPromptBehavior: dismiss and notify}
Session ID: 3acbb7f254b3207aebb09148f52dfaf5">
      <![CDATA[org.openqa.selenium.NoSuchSessionException: invalid session id
Build info: version: '3.141.5', revision: 'd54ebd709a', time: '2018-11-06T11:42:16'
System info: host: 'TYSS-PT-011', ip: '10.10.14.235', os.name: 'Windows 10', os.arch: 'amd64', os.version: '10.0', java.version: '1.8.0_111'
Driver info: org.openqa.selenium.chrome.ChromeDriver
Capabilities {acceptInsecureCerts: false, browserName: chrome, browserVersion: 76.0.3809.132, chrome: {chromedriverVersion: 76.0.3809.126 (d80a294506b4..., userDataDir: C:\Users\Arpith\AppData\Loc...}, goog:chromeOptions: {debuggerAddress: localhost:52952}, javascriptEnabled: true, networkConnectionEnabled: false, pageLoadStrategy: normal, platform: XP, platformName: XP, proxy: Proxy(), setWindowRect: true, strictFileInteractability: false, timeouts: {implicit: 0, pageLoad: 300000, script: 30000}, unhandledPromptBehavior: dismiss and notify}
Session ID: 3acbb7f254b3207aebb09148f52dfaf5
at org.openqa.selenium.remote.http.W3CHttpResponseCodec.createException(W3CHttpResponseCodec.java:187)
at org.openqa.selenium.remote.http.W3CHttpResponseCodec.decode(W3CHttpResponseCodec.java:122)
at org.openqa.selenium.remote.http.W3CHttpResponseCodec.decode(W3CHttpResponseCodec.java:49)
at org.openqa.selenium.remote.HttpCommandExecutor.execute(HttpCommandExecutor.java:158)
at org.openqa.selenium.remote.service.DriverCommandExecutor.execute(DriverCommandExecutor.java:83)
at org.openqa.selenium.remote.RemoteWebDriver.execute(RemoteWebDriver.java:552)
at org.openqa.selenium.remote.RemoteWebDriver.get(RemoteWebDriver.java:277)
at com.CM.BasePackage.BaseClass.loadApplication(BaseClass.java:26)
... Removed 32 stack frames]]>
    </failure>
  </testcase> <!-- @BeforeMethod loadApplication -->
  <testcase name="@AfterMethod close" time="0.0" classname="com.CM.BasePackage.BaseClass">
    <skipped/>
  </testcase> <!-- @AfterMethod close -->
  <testcase name="@BeforeMethod loadApplication" time="0.0" classname="com.CM.BasePackage.BaseClass">
    <skipped/>
  </testcase> <!-- @BeforeMethod loadApplication -->
  <testcase name="@AfterMethod close" time="0.0" classname="com.CM.BasePackage.BaseClass">
    <skipped/>
  </testcase> <!-- @AfterMethod close -->
  <testcase name="@BeforeMethod loadApplication" time="0.0" classname="com.CM.BasePackage.BaseClass">
    <skipped/>
  </testcase> <!-- @BeforeMethod loadApplication -->
  <testcase name="@AfterMethod close" time="0.0" classname="com.CM.BasePackage.BaseClass">
    <skipped/>
  </testcase> <!-- @AfterMethod close -->
  <testcase name="collectionAgencygencyLogin" time="8.595" classname="com.CM.TestScripts.Test_00_Startup_Page"/>
  <testcase name="creditmateLogin" time="0.0" classname="com.CM.TestScripts.Test_00_Startup_Page">
    <skipped/>
  </testcase> <!-- creditmateLogin -->
  <testcase name="lenderLogin" time="0.0" classname="com.CM.TestScripts.Test_00_Startup_Page">
    <skipped/>
  </testcase> <!-- lenderLogin -->
  <testcase name="partnerLogin" time="0.0" classname="com.CM.TestScripts.Test_00_Startup_Page">
    <skipped/>
  </testcase> <!-- partnerLogin -->
</testsuite> <!-- Test -->
